{"__type":"$$EventMessageAudit","id":"ed772657-faf0-40ab-b5d0-53e197dfa525","ts":"2026-07-01T03:20:18.833-04:00","eventName":"n8n.audit.workflow.activated","message":"n8n.audit.workflow.activated","payload":{"workflowId":"bjgZmG4fgLZbFpzW","workflowName":"My workflow","activeVersionId":"7c32d5a9-5306-4d26-ba48-0b8b8e057c54","activationMode":"init"}}
{"__type":"$$EventMessageConfirm","confirm":"ed772657-faf0-40ab-b5d0-53e197dfa525","ts":"2026-07-01T03:20:18.834-04:00","source":{"id":"0","name":"eventBus"}}
{"__type":"$$EventMessageAudit","id":"fe022ffa-fc6f-482a-bd66-3cb2f4226b1c","ts":"2026-07-01T03:20:18.875-04:00","eventName":"n8n.audit.workflow.activated","message":"n8n.audit.workflow.activated","payload":{"workflowId":"9iPJrT8wlPxG0jK3","workflowName":"Gmail Watch 자동 갱신 (6일마다)","activeVersionId":"4f5ccf68-6b51-4c42-8275-e129206d6c2f","activationMode":"init"}}
{"__type":"$$EventMessageConfirm","confirm":"fe022ffa-fc6f-482a-bd66-3cb2f4226b1c","ts":"2026-07-01T03:20:18.875-04:00","source":{"id":"0","name":"eventBus"}}
{"__type":"$$EventMessageAudit","id":"f25837e8-848d-4677-9b47-0112c81bd28e","ts":"2026-07-01T03:20:29.747-04:00","eventName":"n8n.audit.workflow.executed","message":"n8n.audit.workflow.executed","payload":{"workflowId":"bjgZmG4fgLZbFpzW","workflowName":"My workflow","executionId":"20","source":"webhook"}}
{"__type":"$$EventMessageConfirm","confirm":"f25837e8-848d-4677-9b47-0112c81bd28e","ts":"2026-07-01T03:20:29.748-04:00","source":{"id":"0","name":"eventBus"}}
{"__type":"$$EventMessageWorkflow","id":"c4cd6f16-e8c5-4166-a689-272016b7808e","ts":"2026-07-01T03:20:29.748-04:00","eventName":"n8n.workflow.started","message":"n8n.workflow.started","payload":{"executionId":"20","workflowId":"bjgZmG4fgLZbFpzW","isManual":false,"mode":"webhook","workflowName":"My workflow","projectId":"pKv6NG0R95AuPTWH","projectName":"상호 정 <leicestercity12968@gmail.com>"}}
{"__type":"$$EventMessageConfirm","confirm":"c4cd6f16-e8c5-4166-a689-272016b7808e","ts":"2026-07-01T03:20:29.748-04:00","source":{"id":"0","name":"eventBus"}}
{"__type":"$$EventMessageNode","id":"4301a33e-a7c5-4202-afbe-470a86ad4414","ts":"2026-07-01T03:20:29.762-04:00","eventName":"n8n.node.started","message":"n8n.node.started","payload":{"workflowId":"bjgZmG4fgLZbFpzW","workflowName":"My workflow","executionId":"20","nodeType":"n8n-nodes-base.webhook","nodeName":"Webhook1","nodeId":"edc26816-6ab4-4b11-8115-6a6472976508"}}
{"__type":"$$EventMessageConfirm","confirm":"4301a33e-a7c5-4202-afbe-470a86ad4414","ts":"2026-07-01T03:20:29.762-04:00","source":{"id":"0","name":"eventBus"}}
{"__type":"$$EventMessageNode","id":"ea6390f2-2d21-4c33-a797-cf46367b22bd","ts":"2026-07-01T03:20:29.763-04:00","eventName":"n8n.node.finished","message":"n8n.node.finished","payload":{"workflowId":"bjgZmG4fgLZbFpzW","workflowName":"My workflow","executionId":"20","nodeType":"n8n-nodes-base.webhook","nodeName":"Webhook1","nodeId":"edc26816-6ab4-4b11-8115-6a6472976508"}}
{"__type":"$$EventMessageConfirm","confirm":"ea6390f2-2d21-4c33-a797-cf46367b22bd","ts":"2026-07-01T03:20:29.763-04:00","source":{"id":"0","name":"eventBus"}}
{"__type":"$$EventMessageNode","id":"01f65193-2637-4d0c-a564-2048ab5a145d","ts":"2026-07-01T03:20:29.764-04:00","eventName":"n8n.node.started","message":"n8n.node.started","payload":{"workflowId":"bjgZmG4fgLZbFpzW","workflowName":"My workflow","executionId":"20","nodeType":"n8n-nodes-base.code","nodeName":"Code in JavaScript","nodeId":"9c5e86e6-dd37-498c-8aa1-1442f9b4571d"}}
{"__type":"$$EventMessageConfirm","confirm":"01f65193-2637-4d0c-a564-2048ab5a145d","ts":"2026-07-01T03:20:29.764-04:00","source":{"id":"0","name":"eventBus"}}
{"__type":"$$EventMessageRunner","id":"143e1a8b-3ce9-4084-96f4-399122293e82","ts":"2026-07-01T03:20:29.773-04:00","eventName":"n8n.runner.task.requested","message":"n8n.runner.task.requested","payload":{"taskId":"2z9r-0DL","nodeId":"9c5e86e6-dd37-498c-8aa1-1442f9b4571d","workflowId":"bjgZmG4fgLZbFpzW","executionId":"20"}}
{"__type":"$$EventMessageConfirm","confirm":"143e1a8b-3ce9-4084-96f4-399122293e82","ts":"2026-07-01T03:20:29.773-04:00","source":{"id":"0","name":"eventBus"}}
{"__type":"$$EventMessageRunner","id":"39bdaf89-bb85-49d3-a9dc-e7560113be5b","ts":"2026-07-01T03:20:29.884-04:00","eventName":"n8n.runner.response.received","message":"n8n.runner.response.received","payload":{"taskId":"2z9r-0DL","nodeId":"9c5e86e6-dd37-498c-8aa1-1442f9b4571d","workflowId":"bjgZmG4fgLZbFpzW","executionId":"20"}}
{"__type":"$$EventMessageConfirm","confirm":"39bdaf89-bb85-49d3-a9dc-e7560113be5b","ts":"2026-07-01T03:20:29.884-04:00","source":{"id":"0","name":"eventBus"}}
{"__type":"$$EventMessageNode","id":"f512c3d7-7621-47c6-9cd8-1f08954f9dcf","ts":"2026-07-01T03:20:29.884-04:00","eventName":"n8n.node.finished","message":"n8n.node.finished","payload":{"workflowId":"bjgZmG4fgLZbFpzW","workflowName":"My workflow","executionId":"20","nodeType":"n8n-nodes-base.code","nodeName":"Code in JavaScript","nodeId":"9c5e86e6-dd37-498c-8aa1-1442f9b4571d"}}
{"__type":"$$EventMessageConfirm","confirm":"f512c3d7-7621-47c6-9cd8-1f08954f9dcf","ts":"2026-07-01T03:20:29.884-04:00","source":{"id":"0","name":"eventBus"}}
{"__type":"$$EventMessageNode","id":"af488a49-df15-4fee-8a71-1b5d58b8e47f","ts":"2026-07-01T03:20:29.885-04:00","eventName":"n8n.node.started","message":"n8n.node.started","payload":{"workflowId":"bjgZmG4fgLZbFpzW","workflowName":"My workflow","executionId":"20","nodeType":"n8n-nodes-base.httpRequest","nodeName":"HTTP Request1","nodeId":"a1b2c3d4-e5f6-7890-abcd-ef1234567890"}}
{"__type":"$$EventMessageConfirm","confirm":"af488a49-df15-4fee-8a71-1b5d58b8e47f","ts":"2026-07-01T03:20:29.885-04:00","source":{"id":"0","name":"eventBus"}}
{"__type":"$$EventMessageNode","id":"0f01e380-9a8e-47b0-ac0d-3db917af1cf3","ts":"2026-07-01T03:20:30.816-04:00","eventName":"n8n.node.finished","message":"n8n.node.finished","payload":{"workflowId":"bjgZmG4fgLZbFpzW","workflowName":"My workflow","executionId":"20","nodeType":"n8n-nodes-base.httpRequest","nodeName":"HTTP Request1","nodeId":"a1b2c3d4-e5f6-7890-abcd-ef1234567890"}}
{"__type":"$$EventMessageConfirm","confirm":"0f01e380-9a8e-47b0-ac0d-3db917af1cf3","ts":"2026-07-01T03:20:30.816-04:00","source":{"id":"0","name":"eventBus"}}
{"__type":"$$EventMessageNode","id":"1ad67d9b-67b4-4e6a-9c60-fcbcff048dd4","ts":"2026-07-01T03:20:30.816-04:00","eventName":"n8n.node.started","message":"n8n.node.started","payload":{"workflowId":"bjgZmG4fgLZbFpzW","workflowName":"My workflow","executionId":"20","nodeType":"n8n-nodes-base.gmail","nodeName":"Get a message","nodeId":"1281b416-1574-4b00-80cd-46c2bb739e01"}}
{"__type":"$$EventMessageConfirm","confirm":"1ad67d9b-67b4-4e6a-9c60-fcbcff048dd4","ts":"2026-07-01T03:20:30.816-04:00","source":{"id":"0","name":"eventBus"}}
{"__type":"$$EventMessageNode","id":"1ddcb9c9-9b2f-41fd-8711-e85f6f0e7476","ts":"2026-07-01T03:20:31.668-04:00","eventName":"n8n.node.finished","message":"n8n.node.finished","payload":{"workflowId":"bjgZmG4fgLZbFpzW","workflowName":"My workflow","executionId":"20","nodeType":"n8n-nodes-base.gmail","nodeName":"Get a message","nodeId":"1281b416-1574-4b00-80cd-46c2bb739e01"}}
{"__type":"$$EventMessageConfirm","confirm":"1ddcb9c9-9b2f-41fd-8711-e85f6f0e7476","ts":"2026-07-01T03:20:31.668-04:00","source":{"id":"0","name":"eventBus"}}
{"__type":"$$EventMessageNode","id":"0dc8abd2-d21b-4e58-b00b-86847c708029","ts":"2026-07-01T03:20:31.669-04:00","eventName":"n8n.node.started","message":"n8n.node.started","payload":{"workflowId":"bjgZmG4fgLZbFpzW","workflowName":"My workflow","executionId":"20","nodeType":"n8n-nodes-base.if","nodeName":"If","nodeId":"if-node-id-0001-0001-0001-000000000001"}}
{"__type":"$$EventMessageConfirm","confirm":"0dc8abd2-d21b-4e58-b00b-86847c708029","ts":"2026-07-01T03:20:31.669-04:00","source":{"id":"0","name":"eventBus"}}
{"__type":"$$EventMessageNode","id":"b02cfb03-4355-471f-bea8-3745c20fee56","ts":"2026-07-01T03:20:31.672-04:00","eventName":"n8n.node.finished","message":"n8n.node.finished","payload":{"workflowId":"bjgZmG4fgLZbFpzW","workflowName":"My workflow","executionId":"20","nodeType":"n8n-nodes-base.if","nodeName":"If","nodeId":"if-node-id-0001-0001-0001-000000000001"}}
{"__type":"$$EventMessageConfirm","confirm":"b02cfb03-4355-471f-bea8-3745c20fee56","ts":"2026-07-01T03:20:31.672-04:00","source":{"id":"0","name":"eventBus"}}
{"__type":"$$EventMessageNode","id":"a3641d0a-fa16-4a80-8e50-5dd947e6e871","ts":"2026-07-01T03:20:31.672-04:00","eventName":"n8n.node.started","message":"n8n.node.started","payload":{"workflowId":"bjgZmG4fgLZbFpzW","workflowName":"My workflow","executionId":"20","nodeType":"n8n-nodes-base.httpRequest","nodeName":"HTTP Request","nodeId":"df9a4769-f5d2-474d-8854-0906a37cd23b"}}
{"__type":"$$EventMessageConfirm","confirm":"a3641d0a-fa16-4a80-8e50-5dd947e6e871","ts":"2026-07-01T03:20:31.672-04:00","source":{"id":"0","name":"eventBus"}}
{"__type":"$$EventMessageNode","id":"552b4716-1ef1-4aa6-8530-1109b6e48a47","ts":"2026-07-01T03:20:33.494-04:00","eventName":"n8n.node.finished","message":"n8n.node.finished","payload":{"workflowId":"bjgZmG4fgLZbFpzW","workflowName":"My workflow","executionId":"20","nodeType":"n8n-nodes-base.httpRequest","nodeName":"HTTP Request","nodeId":"df9a4769-f5d2-474d-8854-0906a37cd23b"}}
{"__type":"$$EventMessageConfirm","confirm":"552b4716-1ef1-4aa6-8530-1109b6e48a47","ts":"2026-07-01T03:20:33.494-04:00","source":{"id":"0","name":"eventBus"}}
{"__type":"$$EventMessageWorkflow","id":"4fa883f6-ac13-4911-97bf-5e9374c2ef3c","ts":"2026-07-01T03:20:33.495-04:00","eventName":"n8n.workflow.success","message":"n8n.workflow.success","payload":{"executionId":"20","success":true,"isManual":false,"mode":"webhook","workflowId":"bjgZmG4fgLZbFpzW","workflowName":"My workflow","projectId":"pKv6NG0R95AuPTWH","projectName":"상호 정 <leicestercity12968@gmail.com>"}}
{"__type":"$$EventMessageConfirm","confirm":"4fa883f6-ac13-4911-97bf-5e9374c2ef3c","ts":"2026-07-01T03:20:33.495-04:00","source":{"id":"0","name":"eventBus"}}
{"__type":"$$EventMessageAudit","id":"ac377d06-fae8-484a-b44f-4ca800aaf7b5","ts":"2026-07-01T03:38:06.134-04:00","eventName":"n8n.audit.workflow.archived","message":"n8n.audit.workflow.archived","payload":{"userId":"fad4308b-c830-4e3a-89fd-6a8d63df39ba","_email":"leicestercity12968@gmail.com","_firstName":"상호","_lastName":"정","globalRole":"global:owner","workflowId":"yRKQIMiMMVHoQzuX"}}
{"__type":"$$EventMessageConfirm","confirm":"ac377d06-fae8-484a-b44f-4ca800aaf7b5","ts":"2026-07-01T03:38:06.134-04:00","source":{"id":"0","name":"eventBus"}}
{"__type":"$$EventMessageAudit","id":"71ae6df4-9e82-4d56-b719-0ee0e6d9f98c","ts":"2026-07-01T03:38:08.449-04:00","eventName":"n8n.audit.workflow.deleted","message":"n8n.audit.workflow.deleted","payload":{"userId":"fad4308b-c830-4e3a-89fd-6a8d63df39ba","_email":"leicestercity12968@gmail.com","_firstName":"상호","_lastName":"정","globalRole":"global:owner","workflowId":"yRKQIMiMMVHoQzuX"}}
{"__type":"$$EventMessageConfirm","confirm":"71ae6df4-9e82-4d56-b719-0ee0e6d9f98c","ts":"2026-07-01T03:38:08.449-04:00","source":{"id":"0","name":"eventBus"}}
